<?xml version="1.0" encoding="UTF-8"?>
<!-- Generated by org.testng.reporters.JUnitXMLReporter -->
<testsuite ignored="0" hostname="DESKTOP-LE78F7L" failures="0" tests="4" name="Default test" time="34.221" errors="0" timestamp="2021-03-29T11:18:51 IST">
  <testcase classname="testscripts.regression.ValidateLoginDataProvider" name="validateLoginTest" time="2.728"/>
  <testcase classname="testscripts.regression.ValidateLoginDataProvider" name="validateLoginTest" time="1.023"/>
  <testcase classname="testscripts.regression.ValidateLoginDataProvider" name="validateLoginTest" time="1.111"/>
  <testcase classname="testscripts.regression.ValidateLoginDataProvider" name="validateLoginTest" time="1.091"/>
</testsuite> <!-- Default test -->
