<?xml version="1.0" encoding="UTF-8"?>
<testng-results ignored="0" total="4" passed="4" failed="0" skipped="0">
  <reporter-output>
  </reporter-output>
  <suite started-at="2021-03-29T11:18:17 IST" name="Default suite" finished-at="2021-03-29T11:18:51 IST" duration-ms="34221">
    <groups>
    </groups>
    <test started-at="2021-03-29T11:18:17 IST" name="Default test" finished-at="2021-03-29T11:18:51 IST" duration-ms="34221">
      <class name="testscripts.regression.ValidateLoginDataProvider">
        <test-method is-config="true" signature="setUp()[pri:0, instance:testscripts.regression.ValidateLoginDataProvider@37654521]" started-at="2021-03-29T11:18:17 IST" name="setUp" finished-at="2021-03-29T11:18:23 IST" duration-ms="6289" status="PASS">
          <reporter-output>
          </reporter-output>
        </test-method> <!-- setUp -->
        <test-method signature="validateLoginTest(java.lang.String, java.lang.String, java.lang.String)[pri:0, instance:testscripts.regression.ValidateLoginDataProvider@37654521]" started-at="2021-03-29T11:18:23 IST" name="validateLoginTest" data-provider="getData" finished-at="2021-03-29T11:18:26 IST" duration-ms="2728" status="PASS">
          <params>
            <param index="0">
              <value>
                <![CDATA[reyaz009]]>
              </value>
            </param>
            <param index="1">
              <value>
                <![CDATA[reyaz123]]>
              </value>
            </param>
            <param index="2">
              <value>
                <![CDATA[Adactin.com - Search Hotel]]>
              </value>
            </param>
          </params>
          <reporter-output>
          </reporter-output>
        </test-method> <!-- validateLoginTest -->
        <test-method is-config="true" signature="teardown()[pri:0, instance:testscripts.regression.ValidateLoginDataProvider@37654521]" started-at="2021-03-29T11:18:26 IST" name="teardown" finished-at="2021-03-29T11:18:26 IST" duration-ms="716" status="PASS">
          <reporter-output>
          </reporter-output>
        </test-method> <!-- teardown -->
        <test-method is-config="true" signature="setUp()[pri:0, instance:testscripts.regression.ValidateLoginDataProvider@37654521]" started-at="2021-03-29T11:18:26 IST" name="setUp" finished-at="2021-03-29T11:18:32 IST" duration-ms="5621" status="PASS">
          <reporter-output>
          </reporter-output>
        </test-method> <!-- setUp -->
        <test-method signature="validateLoginTest(java.lang.String, java.lang.String, java.lang.String)[pri:0, instance:testscripts.regression.ValidateLoginDataProvider@37654521]" started-at="2021-03-29T11:18:32 IST" name="validateLoginTest" data-provider="getData" finished-at="2021-03-29T11:18:33 IST" duration-ms="1023" status="PASS">
          <params>
            <param index="0">
              <value>
                <![CDATA[reyaz009]]>
              </value>
            </param>
            <param index="1">
              <value>
                <![CDATA[reyaz456]]>
              </value>
            </param>
            <param index="2">
              <value>
                <![CDATA[Adactin.com - Hotel Reservation System]]>
              </value>
            </param>
          </params>
          <reporter-output>
          </reporter-output>
        </test-method> <!-- validateLoginTest -->
        <test-method is-config="true" signature="teardown()[pri:0, instance:testscripts.regression.ValidateLoginDataProvider@37654521]" started-at="2021-03-29T11:18:33 IST" name="teardown" finished-at="2021-03-29T11:18:34 IST" duration-ms="687" status="PASS">
          <reporter-output>
          </reporter-output>
        </test-method> <!-- teardown -->
        <test-method is-config="true" signature="setUp()[pri:0, instance:testscripts.regression.ValidateLoginDataProvider@37654521]" started-at="2021-03-29T11:18:34 IST" name="setUp" finished-at="2021-03-29T11:18:40 IST" duration-ms="6589" status="PASS">
          <reporter-output>
          </reporter-output>
        </test-method> <!-- setUp -->
        <test-method signature="validateLoginTest(java.lang.String, java.lang.String, java.lang.String)[pri:0, instance:testscripts.regression.ValidateLoginDataProvider@37654521]" started-at="2021-03-29T11:18:40 IST" name="validateLoginTest" data-provider="getData" finished-at="2021-03-29T11:18:41 IST" duration-ms="1111" status="PASS">
          <params>
            <param index="0">
              <value>
                <![CDATA[reyaz003]]>
              </value>
            </param>
            <param index="1">
              <value>
                <![CDATA[reyaz456]]>
              </value>
            </param>
            <param index="2">
              <value>
                <![CDATA[Adactin.com - Hotel Reservation System]]>
              </value>
            </param>
          </params>
          <reporter-output>
          </reporter-output>
        </test-method> <!-- validateLoginTest -->
        <test-method is-config="true" signature="teardown()[pri:0, instance:testscripts.regression.ValidateLoginDataProvider@37654521]" started-at="2021-03-29T11:18:41 IST" name="teardown" finished-at="2021-03-29T11:18:42 IST" duration-ms="689" status="PASS">
          <reporter-output>
          </reporter-output>
        </test-method> <!-- teardown -->
        <test-method is-config="true" signature="setUp()[pri:0, instance:testscripts.regression.ValidateLoginDataProvider@37654521]" started-at="2021-03-29T11:18:42 IST" name="setUp" finished-at="2021-03-29T11:18:49 IST" duration-ms="6917" status="PASS">
          <reporter-output>
          </reporter-output>
        </test-method> <!-- setUp -->
        <test-method signature="validateLoginTest(java.lang.String, java.lang.String, java.lang.String)[pri:0, instance:testscripts.regression.ValidateLoginDataProvider@37654521]" started-at="2021-03-29T11:18:49 IST" name="validateLoginTest" data-provider="getData" finished-at="2021-03-29T11:18:50 IST" duration-ms="1091" status="PASS">
          <params>
            <param index="0">
              <value>
                <![CDATA[reyaz123]]>
              </value>
            </param>
            <param index="1">
              <value>
                <![CDATA[reyaz456]]>
              </value>
            </param>
            <param index="2">
              <value>
                <![CDATA[Adactin.com - Hotel Reservation System]]>
              </value>
            </param>
          </params>
          <reporter-output>
          </reporter-output>
        </test-method> <!-- validateLoginTest -->
        <test-method is-config="true" signature="teardown()[pri:0, instance:testscripts.regression.ValidateLoginDataProvider@37654521]" started-at="2021-03-29T11:18:50 IST" name="teardown" finished-at="2021-03-29T11:18:51 IST" duration-ms="697" status="PASS">
          <reporter-output>
          </reporter-output>
        </test-method> <!-- teardown -->
      </class> <!-- testscripts.regression.ValidateLoginDataProvider -->
    </test> <!-- Default test -->
  </suite> <!-- Default suite -->
</testng-results>
